# JRE version: OpenJDK Runtime Environment (8.0_242-b01) (build 1.8.0_242-release-1644-b01)
# Java VM: OpenJDK 64-Bit Server VM (25.242-b01 mixed mode windows-amd64 compressed oops)
Heap:
 PSYoungGen      total 118272K, used 82432K [0x00000000f5580000, 0x0000000100000000, 0x0000000100000000)
  eden space 82432K, 100% used [0x00000000f5580000,0x00000000fa600000,0x00000000fa600000)
  from space 35840K, 0% used [0x00000000fdd00000,0x00000000fdd00000,0x0000000100000000)
  to   space 46080K, 0% used [0x00000000fa600000,0x00000000fa600000,0x00000000fd300000)
 ParOldGen       total 349696K, used 349523K [0x00000000e0000000, 0x00000000f5580000, 0x00000000f5580000)
  object space 349696K, 99% used [0x00000000e0000000,0x00000000f5554f68,0x00000000f5580000)
 Metaspace       used 87184K, capacity 93114K, committed 98456K, reserved 1134592K
  class space    used 11497K, capacity 12777K, committed 13984K, reserved 1048576K
GC Heap History (10 events):
Event: 36.908 GC heap after
Heap after GC invocations=196 (full 142):
 PSYoungGen      total 118272K, used 81572K [0x00000000f5580000, 0x0000000100000000, 0x0000000100000000)
  eden space 82432K, 98% used [0x00000000f5580000,0x00000000fa529320,0x00000000fa600000)
  from space 35840K, 0% used [0x00000000fdd00000,0x00000000fdd00000,0x0000000100000000)
  to   space 46080K, 0% used [0x00000000fa600000,0x00000000fa600000,0x00000000fd300000)
 ParOldGen       total 349696K, used 349184K [0x00000000e0000000, 0x00000000f5580000, 0x00000000f5580000)
  object space 349696K, 99% used [0x00000000e0000000,0x00000000f5500090,0x00000000f5580000)
 Metaspace       used 87184K, capacity 93114K, committed 98456K, reserved 1134592K
  class space    used 11497K, capacity 12777K, committed 13984K, reserved 1048576K
}
Event: 36.910 GC heap before
{Heap before GC invocations=197 (full 143):
 PSYoungGen      total 118272K, used 82432K [0x00000000f5580000, 0x0000000100000000, 0x0000000100000000)
  eden space 82432K, 100% used [0x00000000f5580000,0x00000000fa600000,0x00000000fa600000)
  from space 35840K, 0% used [0x00000000fdd00000,0x00000000fdd00000,0x0000000100000000)
  to   space 46080K, 0% used [0x00000000fa600000,0x00000000fa600000,0x00000000fd300000)
 ParOldGen       total 349696K, used 349471K [0x00000000e0000000, 0x00000000f5580000, 0x00000000f5580000)
  object space 349696K, 99% used [0x00000000e0000000,0x00000000f5547ed0,0x00000000f5580000)
 Metaspace       used 87184K, capacity 93114K, committed 98456K, reserved 1134592K
  class space    used 11497K, capacity 12777K, committed 13984K, reserved 1048576K
Event: 36.985 GC heap after
Heap after GC invocations=197 (full 143):
 PSYoungGen      total 118272K, used 81635K [0x00000000f5580000, 0x0000000100000000, 0x0000000100000000)
  eden space 82432K, 99% used [0x00000000f5580000,0x00000000fa538ee8,0x00000000fa600000)
  from space 35840K, 0% used [0x00000000fdd00000,0x00000000fdd00000,0x0000000100000000)
  to   space 46080K, 0% used [0x00000000fa600000,0x00000000fa600000,0x00000000fd300000)
 ParOldGen       total 349696K, used 349322K [0x00000000e0000000, 0x00000000f5580000, 0x00000000f5580000)
  object space 349696K, 99% used [0x00000000e0000000,0x00000000f5522a18,0x00000000f5580000)
 Metaspace       used 87184K, capacity 93114K, committed 98456K, reserved 1134592K
  class space    used 11497K, capacity 12777K, committed 13984K, reserved 1048576K
}
Event: 36.987 GC heap before
{Heap before GC invocations=198 (full 144):
 PSYoungGen      total 118272K, used 82383K [0x00000000f5580000, 0x0000000100000000, 0x0000000100000000)
  eden space 82432K, 99% used [0x00000000f5580000,0x00000000fa5f3c50,0x00000000fa600000)
  from space 35840K, 0% used [0x00000000fdd00000,0x00000000fdd00000,0x0000000100000000)
  to   space 46080K, 0% used [0x00000000fa600000,0x00000000fa600000,0x00000000fd300000)
 ParOldGen       total 349696K, used 349450K [0x00000000e0000000, 0x00000000f5580000, 0x00000000f5580000)
  object space 349696K, 99% used [0x00000000e0000000,0x00000000f5542a28,0x00000000f5580000)
 Metaspace       used 87184K, capacity 93114K, committed 98456K, reserved 1134592K
  class space    used 11497K, capacity 12777K, committed 13984K, reserved 1048576K
Event: 37.082 GC heap after
Heap after GC invocations=198 (full 144):
 PSYoungGen      total 118272K, used 81913K [0x00000000f5580000, 0x0000000100000000, 0x0000000100000000)
  eden space 82432K, 99% used [0x00000000f5580000,0x00000000fa57e698,0x00000000fa600000)
  from space 35840K, 0% used [0x00000000fdd00000,0x00000000fdd00000,0x0000000100000000)
  to   space 46080K, 0% used [0x00000000fa600000,0x00000000fa600000,0x00000000fd300000)
 ParOldGen       total 349696K, used 349278K [0x00000000e0000000, 0x00000000f5580000, 0x00000000f5580000)
  object space 349696K, 99% used [0x00000000e0000000,0x00000000f5517a78,0x00000000f5580000)
 Metaspace       used 87184K, capacity 93114K, committed 98456K, reserved 1134592K
  class space    used 11497K, capacity 12777K, committed 13984K, reserved 1048576K
}
Event: 37.084 GC heap before
{Heap before GC invocations=199 (full 145):
 PSYoungGen      total 118272K, used 82432K [0x00000000f5580000, 0x0000000100000000, 0x0000000100000000)
  eden space 82432K, 100% used [0x00000000f5580000,0x00000000fa600000,0x00000000fa600000)
  from space 35840K, 0% used [0x00000000fdd00000,0x00000000fdd00000,0x0000000100000000)
  to   space 46080K, 0% used [0x00000000fa600000,0x00000000fa600000,0x00000000fd300000)
 ParOldGen       total 349696K, used 349406K [0x00000000e0000000, 0x00000000f5580000, 0x00000000f5580000)
  object space 349696K, 99% used [0x00000000e0000000,0x00000000f5537b58,0x00000000f5580000)
 Metaspace       used 87184K, capacity 93114K, committed 98456K, reserved 1134592K
  class space    used 11497K, capacity 12777K, committed 13984K, reserved 1048576K
Event: 37.170 GC heap after
Heap after GC invocations=199 (full 145):
 PSYoungGen      total 118272K, used 82151K [0x00000000f5580000, 0x0000000100000000, 0x0000000100000000)
  eden space 82432K, 99% used [0x00000000f5580000,0x00000000fa5b9e78,0x00000000fa600000)
  from space 35840K, 0% used [0x00000000fdd00000,0x00000000fdd00000,0x0000000100000000)
  to   space 46080K, 0% used [0x00000000fa600000,0x00000000fa600000,0x00000000fd300000)
 ParOldGen       total 349696K, used 349259K [0x00000000e0000000, 0x00000000f5580000, 0x00000000f5580000)
  object space 349696K, 99% used [0x00000000e0000000,0x00000000f5512ee8,0x00000000f5580000)
 Metaspace       used 87184K, capacity 93114K, committed 98456K, reserved 1134592K
  class space    used 11497K, capacity 12777K, committed 13984K, reserved 1048576K
}
Event: 37.171 GC heap before
{Heap before GC invocations=200 (full 146):
 PSYoungGen      total 118272K, used 82432K [0x00000000f5580000, 0x0000000100000000, 0x0000000100000000)
  eden space 82432K, 100% used [0x00000000f5580000,0x00000000fa600000,0x00000000fa600000)
  from space 35840K, 0% used [0x00000000fdd00000,0x00000000fdd00000,0x0000000100000000)
  to   space 46080K, 0% used [0x00000000fa600000,0x00000000fa600000,0x00000000fd300000)
 ParOldGen       total 349696K, used 349470K [0x00000000e0000000, 0x00000000f5580000, 0x00000000f5580000)
  object space 349696K, 99% used [0x00000000e0000000,0x00000000f5547b48,0x00000000f5580000)
 Metaspace       used 87184K, capacity 93114K, committed 98456K, reserved 1134592K
  class space    used 11497K, capacity 12777K, committed 13984K, reserved 1048576K
Event: 37.270 GC heap after
Heap after GC invocations=200 (full 146):
 PSYoungGen      total 118272K, used 82202K [0x00000000f5580000, 0x0000000100000000, 0x0000000100000000)
  eden space 82432K, 99% used [0x00000000f5580000,0x00000000fa5c6838,0x00000000fa600000)
  from space 35840K, 0% used [0x00000000fdd00000,0x00000000fdd00000,0x0000000100000000)
  to   space 46080K, 0% used [0x00000000fa600000,0x00000000fa600000,0x00000000fd300000)
 ParOldGen       total 349696K, used 349287K [0x00000000e0000000, 0x00000000f5580000, 0x00000000f5580000)
  object space 349696K, 99% used [0x00000000e0000000,0x00000000f5519d20,0x00000000f5580000)
 Metaspace       used 87184K, capacity 93114K, committed 98456K, reserved 1134592K
  class space    used 11497K, capacity 12777K, committed 13984K, reserved 1048576K
}
Event: 37.271 GC heap before
{Heap before GC invocations=201 (full 147):
 PSYoungGen      total 118272K, used 82432K [0x00000000f5580000, 0x0000000100000000, 0x0000000100000000)
  eden space 82432K, 100% used [0x00000000f5580000,0x00000000fa600000,0x00000000fa600000)
  from space 35840K, 0% used [0x00000000fdd00000,0x00000000fdd00000,0x0000000100000000)
  to   space 46080K, 0% used [0x00000000fa600000,0x00000000fa600000,0x00000000fd300000)
 ParOldGen       total 349696K, used 349523K [0x00000000e0000000, 0x00000000f5580000, 0x00000000f5580000)
  object space 349696K, 99% used [0x00000000e0000000,0x00000000f5554f68,0x00000000f5580000)
 Metaspace       used 87184K, capacity 93114K, committed 98456K, reserved 1134592K
  class space    used 11497K, capacity 12777K, committed 13984K, reserved 1048576K

