# JRE version: OpenJDK Runtime Environment (8.0_242-b01) (build 1.8.0_242-release-1644-b01)
# Java VM: OpenJDK 64-Bit Server VM (25.242-b01 mixed mode windows-amd64 compressed oops)
Heap:
 PSYoungGen      total 138752K, used 61521K [0x00000000f5580000, 0x0000000100000000, 0x0000000100000000)
  eden space 118272K, 34% used [0x00000000f5580000,0x00000000f7dcd350,0x00000000fc900000)
  from space 20480K, 98% used [0x00000000fc900000,0x00000000fdcc7168,0x00000000fdd00000)
  to   space 29184K, 0% used [0x00000000fe380000,0x00000000fe380000,0x0000000100000000)
 ParOldGen       total 208896K, used 68640K [0x00000000e0000000, 0x00000000ecc00000, 0x00000000f5580000)
  object space 208896K, 32% used [0x00000000e0000000,0x00000000e4308208,0x00000000ecc00000)
 Metaspace       used 70054K, capacity 75266K, committed 75432K, reserved 1114112K
  class space    used 9581K, capacity 10876K, committed 10928K, reserved 1048576K
GC Heap History (10 events):
Event: 9.172 GC heap before
{Heap before GC invocations=12 (full 2):
 PSYoungGen      total 161792K, used 105898K [0x00000000f5580000, 0x0000000100000000, 0x0000000100000000)
  eden space 148992K, 62% used [0x00000000f5580000,0x00000000fb0710a8,0x00000000fe700000)
  from space 12800K, 99% used [0x00000000fe700000,0x00000000ff3797f8,0x00000000ff380000)
  to   space 12800K, 0% used [0x00000000ff380000,0x00000000ff380000,0x0000000100000000)
 ParOldGen       total 175104K, used 24992K [0x00000000e0000000, 0x00000000eab00000, 0x00000000f5580000)
  object space 175104K, 14% used [0x00000000e0000000,0x00000000e1868160,0x00000000eab00000)
 Metaspace       used 56205K, capacity 59100K, committed 59160K, reserved 1099776K
  class space    used 7691K, capacity 8367K, committed 8368K, reserved 1048576K
Event: 9.179 GC heap after
Heap after GC invocations=12 (full 2):
 PSYoungGen      total 145408K, used 12784K [0x00000000f5580000, 0x0000000100000000, 0x0000000100000000)
  eden space 132608K, 0% used [0x00000000f5580000,0x00000000f5580000,0x00000000fd700000)
  from space 12800K, 99% used [0x00000000ff380000,0x00000000ffffc0b8,0x0000000100000000)
  to   space 20992K, 0% used [0x00000000fd700000,0x00000000fd700000,0x00000000feb80000)
 ParOldGen       total 175104K, used 34052K [0x00000000e0000000, 0x00000000eab00000, 0x00000000f5580000)
  object space 175104K, 19% used [0x00000000e0000000,0x00000000e2141100,0x00000000eab00000)
 Metaspace       used 56205K, capacity 59100K, committed 59160K, reserved 1099776K
  class space    used 7691K, capacity 8367K, committed 8368K, reserved 1048576K
}
Event: 9.179 GC heap before
{Heap before GC invocations=13 (full 3):
 PSYoungGen      total 145408K, used 12784K [0x00000000f5580000, 0x0000000100000000, 0x0000000100000000)
  eden space 132608K, 0% used [0x00000000f5580000,0x00000000f5580000,0x00000000fd700000)
  from space 12800K, 99% used [0x00000000ff380000,0x00000000ffffc0b8,0x0000000100000000)
  to   space 20992K, 0% used [0x00000000fd700000,0x00000000fd700000,0x00000000feb80000)
 ParOldGen       total 175104K, used 34052K [0x00000000e0000000, 0x00000000eab00000, 0x00000000f5580000)
  object space 175104K, 19% used [0x00000000e0000000,0x00000000e2141100,0x00000000eab00000)
 Metaspace       used 56205K, capacity 59100K, committed 59160K, reserved 1099776K
  class space    used 7691K, capacity 8367K, committed 8368K, reserved 1048576K
Event: 9.327 GC heap after
Heap after GC invocations=13 (full 3):
 PSYoungGen      total 145408K, used 0K [0x00000000f5580000, 0x0000000100000000, 0x0000000100000000)
  eden space 132608K, 0% used [0x00000000f5580000,0x00000000f5580000,0x00000000fd700000)
  from space 12800K, 0% used [0x00000000ff380000,0x00000000ff380000,0x0000000100000000)
  to   space 20992K, 0% used [0x00000000fd700000,0x00000000fd700000,0x00000000feb80000)
 ParOldGen       total 208896K, used 38323K [0x00000000e0000000, 0x00000000ecc00000, 0x00000000f5580000)
  object space 208896K, 18% used [0x00000000e0000000,0x00000000e256cea8,0x00000000ecc00000)
 Metaspace       used 56102K, capacity 58758K, committed 59160K, reserved 1099776K
  class space    used 7660K, capacity 8310K, committed 8368K, reserved 1048576K
}
Event: 10.225 GC heap before
{Heap before GC invocations=14 (full 3):
 PSYoungGen      total 145408K, used 132608K [0x00000000f5580000, 0x0000000100000000, 0x0000000100000000)
  eden space 132608K, 100% used [0x00000000f5580000,0x00000000fd700000,0x00000000fd700000)
  from space 12800K, 0% used [0x00000000ff380000,0x00000000ff380000,0x0000000100000000)
  to   space 20992K, 0% used [0x00000000fd700000,0x00000000fd700000,0x00000000feb80000)
 ParOldGen       total 208896K, used 38323K [0x00000000e0000000, 0x00000000ecc00000, 0x00000000f5580000)
  object space 208896K, 18% used [0x00000000e0000000,0x00000000e256cea8,0x00000000ecc00000)
 Metaspace       used 62887K, capacity 66676K, committed 66856K, reserved 1105920K
  class space    used 8657K, capacity 9656K, committed 9776K, reserved 1048576K
Event: 10.231 GC heap after
Heap after GC invocations=14 (full 3):
 PSYoungGen      total 151552K, used 18653K [0x00000000f5580000, 0x0000000100000000, 0x0000000100000000)
  eden space 132608K, 0% used [0x00000000f5580000,0x00000000f5580000,0x00000000fd700000)
  from space 18944K, 98% used [0x00000000fd700000,0x00000000fe937478,0x00000000fe980000)
  to   space 22528K, 0% used [0x00000000fea00000,0x00000000fea00000,0x0000000100000000)
 ParOldGen       total 208896K, used 38395K [0x00000000e0000000, 0x00000000ecc00000, 0x00000000f5580000)
  object space 208896K, 18% used [0x00000000e0000000,0x00000000e257eeb8,0x00000000ecc00000)
 Metaspace       used 62887K, capacity 66676K, committed 66856K, reserved 1105920K
  class space    used 8657K, capacity 9656K, committed 9776K, reserved 1048576K
}
Event: 10.801 GC heap before
{Heap before GC invocations=15 (full 3):
 PSYoungGen      total 151552K, used 151261K [0x00000000f5580000, 0x0000000100000000, 0x0000000100000000)
  eden space 132608K, 100% used [0x00000000f5580000,0x00000000fd700000,0x00000000fd700000)
  from space 18944K, 98% used [0x00000000fd700000,0x00000000fe937478,0x00000000fe980000)
  to   space 22528K, 0% used [0x00000000fea00000,0x00000000fea00000,0x0000000100000000)
 ParOldGen       total 208896K, used 38395K [0x00000000e0000000, 0x00000000ecc00000, 0x00000000f5580000)
  object space 208896K, 18% used [0x00000000e0000000,0x00000000e257eeb8,0x00000000ecc00000)
 Metaspace       used 67057K, capacity 71442K, committed 71592K, reserved 1110016K
  class space    used 9220K, capacity 10414K, committed 10416K, reserved 1048576K
Event: 10.809 GC heap after
Heap after GC invocations=15 (full 3):
 PSYoungGen      total 140800K, used 22510K [0x00000000f5580000, 0x0000000100000000, 0x0000000100000000)
  eden space 118272K, 0% used [0x00000000f5580000,0x00000000f5580000,0x00000000fc900000)
  from space 22528K, 99% used [0x00000000fea00000,0x00000000ffffbb20,0x0000000100000000)
  to   space 28160K, 0% used [0x00000000fc900000,0x00000000fc900000,0x00000000fe480000)
 ParOldGen       total 208896K, used 46139K [0x00000000e0000000, 0x00000000ecc00000, 0x00000000f5580000)
  object space 208896K, 22% used [0x00000000e0000000,0x00000000e2d0ec78,0x00000000ecc00000)
 Metaspace       used 67057K, capacity 71442K, committed 71592K, reserved 1110016K
  class space    used 9220K, capacity 10414K, committed 10416K, reserved 1048576K
}
Event: 11.338 GC heap before
{Heap before GC invocations=16 (full 3):
 PSYoungGen      total 140800K, used 140782K [0x00000000f5580000, 0x0000000100000000, 0x0000000100000000)
  eden space 118272K, 100% used [0x00000000f5580000,0x00000000fc900000,0x00000000fc900000)
  from space 22528K, 99% used [0x00000000fea00000,0x00000000ffffbb20,0x0000000100000000)
  to   space 28160K, 0% used [0x00000000fc900000,0x00000000fc900000,0x00000000fe480000)
 ParOldGen       total 208896K, used 46139K [0x00000000e0000000, 0x00000000ecc00000, 0x00000000f5580000)
  object space 208896K, 22% used [0x00000000e0000000,0x00000000e2d0ec78,0x00000000ecc00000)
 Metaspace       used 68924K, capacity 73510K, committed 73640K, reserved 1112064K
  class space    used 9366K, capacity 10586K, committed 10672K, reserved 1048576K
Event: 11.350 GC heap after
Heap after GC invocations=16 (full 3):
 PSYoungGen      total 138752K, used 20252K [0x00000000f5580000, 0x0000000100000000, 0x0000000100000000)
  eden space 118272K, 0% used [0x00000000f5580000,0x00000000f5580000,0x00000000fc900000)
  from space 20480K, 98% used [0x00000000fc900000,0x00000000fdcc7168,0x00000000fdd00000)
  to   space 29184K, 0% used [0x00000000fe380000,0x00000000fe380000,0x0000000100000000)
 ParOldGen       total 208896K, used 68640K [0x00000000e0000000, 0x00000000ecc00000, 0x00000000f5580000)
  object space 208896K, 32% used [0x00000000e0000000,0x00000000e4308208,0x00000000ecc00000)
 Metaspace       used 68924K, capacity 73510K, committed 73640K, reserved 1112064K
  class space    used 9366K, capacity 10586K, committed 10672K, reserved 1048576K
}

