# JRE version: OpenJDK Runtime Environment (8.0_242-b01) (build 1.8.0_242-release-1644-b01)
# Java VM: OpenJDK 64-Bit Server VM (25.242-b01 mixed mode windows-amd64 compressed oops)
Heap:
 PSYoungGen      total 439808K, used 147154K [0x000000076ab00000, 0x0000000788b80000, 0x00000007c0000000)
  eden space 404992K, 29% used [0x000000076ab00000,0x00000007720b9c70,0x0000000783680000)
  from space 34816K, 76% used [0x0000000786980000,0x000000078837aba8,0x0000000788b80000)
  to   space 43520K, 44% used [0x0000000783680000,0x000000078497caf0,0x0000000786100000)
 ParOldGen       total 517120K, used 24012K [0x00000006c0000000, 0x00000006df900000, 0x000000076ab00000)
  object space 517120K, 4% used [0x00000006c0000000,0x00000006c17733d0,0x00000006df900000)
 Metaspace       used 56165K, capacity 59066K, committed 59160K, reserved 1099776K
  class space    used 7689K, capacity 8409K, committed 8480K, reserved 1048576K
GC Heap History (10 events):
Event: 1.734 GC heap after
Heap after GC invocations=2 (full 0):
 PSYoungGen      total 305664K, used 8933K [0x000000076ab00000, 0x0000000790000000, 0x00000007c0000000)
  eden space 262144K, 0% used [0x000000076ab00000,0x000000076ab00000,0x000000077ab00000)
  from space 43520K, 20% used [0x000000077d580000,0x000000077de395b0,0x0000000780000000)
  to   space 43520K, 0% used [0x000000077ab00000,0x000000077ab00000,0x000000077d580000)
 ParOldGen       total 699392K, used 24K [0x00000006c0000000, 0x00000006eab00000, 0x000000076ab00000)
  object space 699392K, 0% used [0x00000006c0000000,0x00000006c0006000,0x00000006eab00000)
 Metaspace       used 20592K, capacity 21220K, committed 21296K, reserved 1067008K
  class space    used 2885K, capacity 3074K, committed 3120K, reserved 1048576K
}
Event: 1.734 GC heap before
{Heap before GC invocations=3 (full 1):
 PSYoungGen      total 305664K, used 8933K [0x000000076ab00000, 0x0000000790000000, 0x00000007c0000000)
  eden space 262144K, 0% used [0x000000076ab00000,0x000000076ab00000,0x000000077ab00000)
  from space 43520K, 20% used [0x000000077d580000,0x000000077de395b0,0x0000000780000000)
  to   space 43520K, 0% used [0x000000077ab00000,0x000000077ab00000,0x000000077d580000)
 ParOldGen       total 699392K, used 24K [0x00000006c0000000, 0x00000006eab00000, 0x000000076ab00000)
  object space 699392K, 0% used [0x00000006c0000000,0x00000006c0006000,0x00000006eab00000)
 Metaspace       used 20592K, capacity 21220K, committed 21296K, reserved 1067008K
  class space    used 2885K, capacity 3074K, committed 3120K, reserved 1048576K
Event: 1.753 GC heap after
Heap after GC invocations=3 (full 1):
 PSYoungGen      total 305664K, used 0K [0x000000076ab00000, 0x0000000790000000, 0x00000007c0000000)
  eden space 262144K, 0% used [0x000000076ab00000,0x000000076ab00000,0x000000077ab00000)
  from space 43520K, 0% used [0x000000077d580000,0x000000077d580000,0x0000000780000000)
  to   space 43520K, 0% used [0x000000077ab00000,0x000000077ab00000,0x000000077d580000)
 ParOldGen       total 359936K, used 8522K [0x00000006c0000000, 0x00000006d5f80000, 0x000000076ab00000)
  object space 359936K, 2% used [0x00000006c0000000,0x00000006c0852820,0x00000006d5f80000)
 Metaspace       used 20592K, capacity 21220K, committed 21296K, reserved 1067008K
  class space    used 2885K, capacity 3074K, committed 3120K, reserved 1048576K
}
Event: 4.968 GC heap before
{Heap before GC invocations=4 (full 1):
 PSYoungGen      total 305664K, used 209254K [0x000000076ab00000, 0x0000000790000000, 0x00000007c0000000)
  eden space 262144K, 79% used [0x000000076ab00000,0x00000007777599f8,0x000000077ab00000)
  from space 43520K, 0% used [0x000000077d580000,0x000000077d580000,0x0000000780000000)
  to   space 43520K, 0% used [0x000000077ab00000,0x000000077ab00000,0x000000077d580000)
 ParOldGen       total 359936K, used 8522K [0x00000006c0000000, 0x00000006d5f80000, 0x000000076ab00000)
  object space 359936K, 2% used [0x00000006c0000000,0x00000006c0852820,0x00000006d5f80000)
 Metaspace       used 34137K, capacity 35316K, committed 35496K, reserved 1079296K
  class space    used 4700K, capacity 5017K, committed 5040K, reserved 1048576K
Event: 4.974 GC heap after
Heap after GC invocations=4 (full 1):
 PSYoungGen      total 305664K, used 17709K [0x000000076ab00000, 0x0000000789400000, 0x00000007c0000000)
  eden space 262144K, 0% used [0x000000076ab00000,0x000000076ab00000,0x000000077ab00000)
  from space 43520K, 40% used [0x000000077ab00000,0x000000077bc4b6a0,0x000000077d580000)
  to   space 43520K, 0% used [0x0000000786980000,0x0000000786980000,0x0000000789400000)
 ParOldGen       total 359936K, used 8530K [0x00000006c0000000, 0x00000006d5f80000, 0x000000076ab00000)
  object space 359936K, 2% used [0x00000006c0000000,0x00000006c0854820,0x00000006d5f80000)
 Metaspace       used 34137K, capacity 35316K, committed 35496K, reserved 1079296K
  class space    used 4700K, capacity 5017K, committed 5040K, reserved 1048576K
}
Event: 4.975 GC heap before
{Heap before GC invocations=5 (full 2):
 PSYoungGen      total 305664K, used 17709K [0x000000076ab00000, 0x0000000789400000, 0x00000007c0000000)
  eden space 262144K, 0% used [0x000000076ab00000,0x000000076ab00000,0x000000077ab00000)
  from space 43520K, 40% used [0x000000077ab00000,0x000000077bc4b6a0,0x000000077d580000)
  to   space 43520K, 0% used [0x0000000786980000,0x0000000786980000,0x0000000789400000)
 ParOldGen       total 359936K, used 8530K [0x00000006c0000000, 0x00000006d5f80000, 0x000000076ab00000)
  object space 359936K, 2% used [0x00000006c0000000,0x00000006c0854820,0x00000006d5f80000)
 Metaspace       used 34137K, capacity 35316K, committed 35496K, reserved 1079296K
  class space    used 4700K, capacity 5017K, committed 5040K, reserved 1048576K
Event: 5.002 GC heap after
Heap after GC invocations=5 (full 2):
 PSYoungGen      total 305664K, used 0K [0x000000076ab00000, 0x0000000789400000, 0x00000007c0000000)
  eden space 262144K, 0% used [0x000000076ab00000,0x000000076ab00000,0x000000077ab00000)
  from space 43520K, 0% used [0x000000077ab00000,0x000000077ab00000,0x000000077d580000)
  to   space 43520K, 0% used [0x0000000786980000,0x0000000786980000,0x0000000789400000)
 ParOldGen       total 517120K, used 23996K [0x00000006c0000000, 0x00000006df900000, 0x000000076ab00000)
  object space 517120K, 4% used [0x00000006c0000000,0x00000006c176f3d0,0x00000006df900000)
 Metaspace       used 34137K, capacity 35316K, committed 35496K, reserved 1079296K
  class space    used 4700K, capacity 5017K, committed 5040K, reserved 1048576K
}
Event: 8.606 GC heap before
{Heap before GC invocations=6 (full 2):
 PSYoungGen      total 305664K, used 262144K [0x000000076ab00000, 0x0000000789400000, 0x00000007c0000000)
  eden space 262144K, 100% used [0x000000076ab00000,0x000000077ab00000,0x000000077ab00000)
  from space 43520K, 0% used [0x000000077ab00000,0x000000077ab00000,0x000000077d580000)
  to   space 43520K, 0% used [0x0000000786980000,0x0000000786980000,0x0000000789400000)
 ParOldGen       total 517120K, used 23996K [0x00000006c0000000, 0x00000006df900000, 0x000000076ab00000)
  object space 517120K, 4% used [0x00000006c0000000,0x00000006c176f3d0,0x00000006df900000)
 Metaspace       used 49768K, capacity 52202K, committed 52392K, reserved 1093632K
  class space    used 6754K, capacity 7313K, committed 7344K, reserved 1048576K
Event: 8.617 GC heap after
Heap after GC invocations=6 (full 2):
 PSYoungGen      total 439808K, used 26602K [0x000000076ab00000, 0x0000000788b80000, 0x00000007c0000000)
  eden space 404992K, 0% used [0x000000076ab00000,0x000000076ab00000,0x0000000783680000)
  from space 34816K, 76% used [0x0000000786980000,0x000000078837aba8,0x0000000788b80000)
  to   space 43520K, 0% used [0x0000000783680000,0x0000000783680000,0x0000000786100000)
 ParOldGen       total 517120K, used 24004K [0x00000006c0000000, 0x00000006df900000, 0x000000076ab00000)
  object space 517120K, 4% used [0x00000006c0000000,0x00000006c17713d0,0x00000006df900000)
 Metaspace       used 49768K, capacity 52202K, committed 52392K, reserved 1093632K
  class space    used 6754K, capacity 7313K, committed 7344K, reserved 1048576K
}
Event: 9.035 GC heap before
{Heap before GC invocations=7 (full 2):
 PSYoungGen      total 439808K, used 147154K [0x000000076ab00000, 0x0000000788b80000, 0x00000007c0000000)
  eden space 404992K, 29% used [0x000000076ab00000,0x00000007720b9c70,0x0000000783680000)
  from space 34816K, 76% used [0x0000000786980000,0x000000078837aba8,0x0000000788b80000)
  to   space 43520K, 0% used [0x0000000783680000,0x0000000783680000,0x0000000786100000)
 ParOldGen       total 517120K, used 24004K [0x00000006c0000000, 0x00000006df900000, 0x000000076ab00000)
  object space 517120K, 4% used [0x00000006c0000000,0x00000006c17713d0,0x00000006df900000)
 Metaspace       used 56165K, capacity 59066K, committed 59160K, reserved 1099776K
  class space    used 7689K, capacity 8409K, committed 8480K, reserved 1048576K

