# JRE version: OpenJDK Runtime Environment (8.0_242-b01) (build 1.8.0_242-release-1644-b01)
# Java VM: OpenJDK 64-Bit Server VM (25.242-b01 mixed mode windows-amd64 compressed oops)
Heap:
 PSYoungGen      total 138240K, used 113928K [0x00000000f5580000, 0x0000000100000000, 0x0000000100000000)
  eden space 118272K, 79% used [0x00000000f5580000,0x00000000fb182ee8,0x00000000fc900000)
  from space 19968K, 98% used [0x00000000fc900000,0x00000000fdc3f168,0x00000000fdc80000)
  to   space 29184K, 0% used [0x00000000fe380000,0x00000000fe380000,0x0000000100000000)
 ParOldGen       total 211456K, used 68564K [0x00000000e0000000, 0x00000000ece80000, 0x00000000f5580000)
  object space 211456K, 32% used [0x00000000e0000000,0x00000000e42f5270,0x00000000ece80000)
 Metaspace       used 71756K, capacity 78482K, committed 78632K, reserved 1116160K
  class space    used 9970K, capacity 11471K, committed 11568K, reserved 1048576K
GC Heap History (10 events):
Event: 9.205 GC heap before
{Heap before GC invocations=12 (full 2):
 PSYoungGen      total 161792K, used 109268K [0x00000000f5580000, 0x0000000100000000, 0x0000000100000000)
  eden space 148992K, 64% used [0x00000000f5580000,0x00000000fb3b6108,0x00000000fe700000)
  from space 12800K, 99% used [0x00000000fe700000,0x00000000ff37efd8,0x00000000ff380000)
  to   space 12800K, 0% used [0x00000000ff380000,0x00000000ff380000,0x0000000100000000)
 ParOldGen       total 175104K, used 24973K [0x00000000e0000000, 0x00000000eab00000, 0x00000000f5580000)
  object space 175104K, 14% used [0x00000000e0000000,0x00000000e18637d8,0x00000000eab00000)
 Metaspace       used 56282K, capacity 59052K, committed 59160K, reserved 1099776K
  class space    used 7700K, capacity 8353K, committed 8368K, reserved 1048576K
Event: 9.212 GC heap after
Heap after GC invocations=12 (full 2):
 PSYoungGen      total 145408K, used 12795K [0x00000000f5580000, 0x0000000100000000, 0x0000000100000000)
  eden space 132608K, 0% used [0x00000000f5580000,0x00000000f5580000,0x00000000fd700000)
  from space 12800K, 99% used [0x00000000ff380000,0x00000000ffffed18,0x0000000100000000)
  to   space 20992K, 0% used [0x00000000fd700000,0x00000000fd700000,0x00000000feb80000)
 ParOldGen       total 175104K, used 34170K [0x00000000e0000000, 0x00000000eab00000, 0x00000000f5580000)
  object space 175104K, 19% used [0x00000000e0000000,0x00000000e215e970,0x00000000eab00000)
 Metaspace       used 56282K, capacity 59052K, committed 59160K, reserved 1099776K
  class space    used 7700K, capacity 8353K, committed 8368K, reserved 1048576K
}
Event: 9.212 GC heap before
{Heap before GC invocations=13 (full 3):
 PSYoungGen      total 145408K, used 12795K [0x00000000f5580000, 0x0000000100000000, 0x0000000100000000)
  eden space 132608K, 0% used [0x00000000f5580000,0x00000000f5580000,0x00000000fd700000)
  from space 12800K, 99% used [0x00000000ff380000,0x00000000ffffed18,0x0000000100000000)
  to   space 20992K, 0% used [0x00000000fd700000,0x00000000fd700000,0x00000000feb80000)
 ParOldGen       total 175104K, used 34170K [0x00000000e0000000, 0x00000000eab00000, 0x00000000f5580000)
  object space 175104K, 19% used [0x00000000e0000000,0x00000000e215e970,0x00000000eab00000)
 Metaspace       used 56282K, capacity 59052K, committed 59160K, reserved 1099776K
  class space    used 7700K, capacity 8353K, committed 8368K, reserved 1048576K
Event: 9.358 GC heap after
Heap after GC invocations=13 (full 3):
 PSYoungGen      total 145408K, used 0K [0x00000000f5580000, 0x0000000100000000, 0x0000000100000000)
  eden space 132608K, 0% used [0x00000000f5580000,0x00000000f5580000,0x00000000fd700000)
  from space 12800K, 0% used [0x00000000ff380000,0x00000000ff380000,0x0000000100000000)
  to   space 20992K, 0% used [0x00000000fd700000,0x00000000fd700000,0x00000000feb80000)
 ParOldGen       total 211456K, used 38416K [0x00000000e0000000, 0x00000000ece80000, 0x00000000f5580000)
  object space 211456K, 18% used [0x00000000e0000000,0x00000000e2584190,0x00000000ece80000)
 Metaspace       used 56217K, capacity 58842K, committed 59160K, reserved 1099776K
  class space    used 7680K, capacity 8318K, committed 8368K, reserved 1048576K
}
Event: 10.265 GC heap before
{Heap before GC invocations=14 (full 3):
 PSYoungGen      total 145408K, used 132608K [0x00000000f5580000, 0x0000000100000000, 0x0000000100000000)
  eden space 132608K, 100% used [0x00000000f5580000,0x00000000fd700000,0x00000000fd700000)
  from space 12800K, 0% used [0x00000000ff380000,0x00000000ff380000,0x0000000100000000)
  to   space 20992K, 0% used [0x00000000fd700000,0x00000000fd700000,0x00000000feb80000)
 ParOldGen       total 211456K, used 38416K [0x00000000e0000000, 0x00000000ece80000, 0x00000000f5580000)
  object space 211456K, 18% used [0x00000000e0000000,0x00000000e2584190,0x00000000ece80000)
 Metaspace       used 62934K, capacity 66682K, committed 66856K, reserved 1105920K
  class space    used 8659K, capacity 9658K, committed 9776K, reserved 1048576K
Event: 10.272 GC heap after
Heap after GC invocations=14 (full 3):
 PSYoungGen      total 151552K, used 18804K [0x00000000f5580000, 0x0000000100000000, 0x0000000100000000)
  eden space 132608K, 0% used [0x00000000f5580000,0x00000000f5580000,0x00000000fd700000)
  from space 18944K, 99% used [0x00000000fd700000,0x00000000fe95d208,0x00000000fe980000)
  to   space 22528K, 0% used [0x00000000fea00000,0x00000000fea00000,0x0000000100000000)
 ParOldGen       total 211456K, used 38424K [0x00000000e0000000, 0x00000000ece80000, 0x00000000f5580000)
  object space 211456K, 18% used [0x00000000e0000000,0x00000000e2586190,0x00000000ece80000)
 Metaspace       used 62934K, capacity 66682K, committed 66856K, reserved 1105920K
  class space    used 8659K, capacity 9658K, committed 9776K, reserved 1048576K
}
Event: 10.862 GC heap before
{Heap before GC invocations=15 (full 3):
 PSYoungGen      total 151552K, used 151412K [0x00000000f5580000, 0x0000000100000000, 0x0000000100000000)
  eden space 132608K, 100% used [0x00000000f5580000,0x00000000fd700000,0x00000000fd700000)
  from space 18944K, 99% used [0x00000000fd700000,0x00000000fe95d208,0x00000000fe980000)
  to   space 22528K, 0% used [0x00000000fea00000,0x00000000fea00000,0x0000000100000000)
 ParOldGen       total 211456K, used 38424K [0x00000000e0000000, 0x00000000ece80000, 0x00000000f5580000)
  object space 211456K, 18% used [0x00000000e0000000,0x00000000e2586190,0x00000000ece80000)
 Metaspace       used 67311K, capacity 71704K, committed 71848K, reserved 1110016K
  class space    used 9245K, capacity 10416K, committed 10416K, reserved 1048576K
Event: 10.871 GC heap after
Heap after GC invocations=15 (full 3):
 PSYoungGen      total 140800K, used 22496K [0x00000000f5580000, 0x0000000100000000, 0x0000000100000000)
  eden space 118272K, 0% used [0x00000000f5580000,0x00000000f5580000,0x00000000fc900000)
  from space 22528K, 99% used [0x00000000fea00000,0x00000000ffff8070,0x0000000100000000)
  to   space 28160K, 0% used [0x00000000fc900000,0x00000000fc900000,0x00000000fe480000)
 ParOldGen       total 211456K, used 46216K [0x00000000e0000000, 0x00000000ece80000, 0x00000000f5580000)
  object space 211456K, 21% used [0x00000000e0000000,0x00000000e2d223e8,0x00000000ece80000)
 Metaspace       used 67311K, capacity 71704K, committed 71848K, reserved 1110016K
  class space    used 9245K, capacity 10416K, committed 10416K, reserved 1048576K
}
Event: 11.389 GC heap before
{Heap before GC invocations=16 (full 3):
 PSYoungGen      total 140800K, used 140768K [0x00000000f5580000, 0x0000000100000000, 0x0000000100000000)
  eden space 118272K, 100% used [0x00000000f5580000,0x00000000fc900000,0x00000000fc900000)
  from space 22528K, 99% used [0x00000000fea00000,0x00000000ffff8070,0x0000000100000000)
  to   space 28160K, 0% used [0x00000000fc900000,0x00000000fc900000,0x00000000fe480000)
 ParOldGen       total 211456K, used 46216K [0x00000000e0000000, 0x00000000ece80000, 0x00000000f5580000)
  object space 211456K, 21% used [0x00000000e0000000,0x00000000e2d223e8,0x00000000ece80000)
 Metaspace       used 68933K, capacity 73516K, committed 73640K, reserved 1112064K
  class space    used 9366K, capacity 10588K, committed 10672K, reserved 1048576K
Event: 11.400 GC heap after
Heap after GC invocations=16 (full 3):
 PSYoungGen      total 138240K, used 19708K [0x00000000f5580000, 0x0000000100000000, 0x0000000100000000)
  eden space 118272K, 0% used [0x00000000f5580000,0x00000000f5580000,0x00000000fc900000)
  from space 19968K, 98% used [0x00000000fc900000,0x00000000fdc3f168,0x00000000fdc80000)
  to   space 29184K, 0% used [0x00000000fe380000,0x00000000fe380000,0x0000000100000000)
 ParOldGen       total 211456K, used 68564K [0x00000000e0000000, 0x00000000ece80000, 0x00000000f5580000)
  object space 211456K, 32% used [0x00000000e0000000,0x00000000e42f5270,0x00000000ece80000)
 Metaspace       used 68933K, capacity 73516K, committed 73640K, reserved 1112064K
  class space    used 9366K, capacity 10588K, committed 10672K, reserved 1048576K
}

