# JRE version: OpenJDK Runtime Environment (8.0_242-b01) (build 1.8.0_242-release-1644-b01)
# Java VM: OpenJDK 64-Bit Server VM (25.242-b01 mixed mode windows-amd64 compressed oops)
Heap:
 PSYoungGen      total 131072K, used 94720K [0x00000000f5580000, 0x0000000100000000, 0x0000000100000000)
  eden space 94720K, 100% used [0x00000000f5580000,0x00000000fb200000,0x00000000fb200000)
  from space 36352K, 0% used [0x00000000fdc80000,0x00000000fdc80000,0x0000000100000000)
  to   space 39936K, 0% used [0x00000000fb200000,0x00000000fb200000,0x00000000fd900000)
 ParOldGen       total 349696K, used 349694K [0x00000000e0000000, 0x00000000f5580000, 0x00000000f5580000)
  object space 349696K, 99% used [0x00000000e0000000,0x00000000f557f808,0x00000000f5580000)
 Metaspace       used 84402K, capacity 90876K, committed 94632K, reserved 1130496K
  class space    used 11261K, capacity 12743K, committed 13488K, reserved 1048576K
GC Heap History (10 events):
Event: 22.962 GC heap after
Heap after GC invocations=93 (full 39):
 PSYoungGen      total 131072K, used 94451K [0x00000000f5580000, 0x0000000100000000, 0x0000000100000000)
  eden space 94720K, 99% used [0x00000000f5580000,0x00000000fb1bcd38,0x00000000fb200000)
  from space 36352K, 0% used [0x00000000fdc80000,0x00000000fdc80000,0x0000000100000000)
  to   space 39936K, 0% used [0x00000000fb200000,0x00000000fb200000,0x00000000fd900000)
 ParOldGen       total 349696K, used 349362K [0x00000000e0000000, 0x00000000f5580000, 0x00000000f5580000)
  object space 349696K, 99% used [0x00000000e0000000,0x00000000f552cbe0,0x00000000f5580000)
 Metaspace       used 84397K, capacity 90876K, committed 94632K, reserved 1130496K
  class space    used 11261K, capacity 12743K, committed 13488K, reserved 1048576K
}
Event: 22.963 GC heap before
{Heap before GC invocations=94 (full 40):
 PSYoungGen      total 131072K, used 94720K [0x00000000f5580000, 0x0000000100000000, 0x0000000100000000)
  eden space 94720K, 100% used [0x00000000f5580000,0x00000000fb200000,0x00000000fb200000)
  from space 36352K, 0% used [0x00000000fdc80000,0x00000000fdc80000,0x0000000100000000)
  to   space 39936K, 0% used [0x00000000fb200000,0x00000000fb200000,0x00000000fd900000)
 ParOldGen       total 349696K, used 349501K [0x00000000e0000000, 0x00000000f5580000, 0x00000000f5580000)
  object space 349696K, 99% used [0x00000000e0000000,0x00000000f554f580,0x00000000f5580000)
 Metaspace       used 84397K, capacity 90876K, committed 94632K, reserved 1130496K
  class space    used 11261K, capacity 12743K, committed 13488K, reserved 1048576K
Event: 23.070 GC heap after
Heap after GC invocations=94 (full 40):
 PSYoungGen      total 131072K, used 94480K [0x00000000f5580000, 0x0000000100000000, 0x0000000100000000)
  eden space 94720K, 99% used [0x00000000f5580000,0x00000000fb1c4150,0x00000000fb200000)
  from space 36352K, 0% used [0x00000000fdc80000,0x00000000fdc80000,0x0000000100000000)
  to   space 39936K, 0% used [0x00000000fb200000,0x00000000fb200000,0x00000000fd900000)
 ParOldGen       total 349696K, used 349378K [0x00000000e0000000, 0x00000000f5580000, 0x00000000f5580000)
  object space 349696K, 99% used [0x00000000e0000000,0x00000000f5530bc0,0x00000000f5580000)
 Metaspace       used 84397K, capacity 90876K, committed 94632K, reserved 1130496K
  class space    used 11261K, capacity 12743K, committed 13488K, reserved 1048576K
}
Event: 23.072 GC heap before
{Heap before GC invocations=95 (full 41):
 PSYoungGen      total 131072K, used 94720K [0x00000000f5580000, 0x0000000100000000, 0x0000000100000000)
  eden space 94720K, 100% used [0x00000000f5580000,0x00000000fb200000,0x00000000fb200000)
  from space 36352K, 0% used [0x00000000fdc80000,0x00000000fdc80000,0x0000000100000000)
  to   space 39936K, 0% used [0x00000000fb200000,0x00000000fb200000,0x00000000fd900000)
 ParOldGen       total 349696K, used 349693K [0x00000000e0000000, 0x00000000f5580000, 0x00000000f5580000)
  object space 349696K, 99% used [0x00000000e0000000,0x00000000f557f6b8,0x00000000f5580000)
 Metaspace       used 84400K, capacity 90876K, committed 94632K, reserved 1130496K
  class space    used 11261K, capacity 12743K, committed 13488K, reserved 1048576K
Event: 23.164 GC heap after
Heap after GC invocations=95 (full 41):
 PSYoungGen      total 131072K, used 94255K [0x00000000f5580000, 0x0000000100000000, 0x0000000100000000)
  eden space 94720K, 99% used [0x00000000f5580000,0x00000000fb18be20,0x00000000fb200000)
  from space 36352K, 0% used [0x00000000fdc80000,0x00000000fdc80000,0x0000000100000000)
  to   space 39936K, 0% used [0x00000000fb200000,0x00000000fb200000,0x00000000fd900000)
 ParOldGen       total 349696K, used 349529K [0x00000000e0000000, 0x00000000f5580000, 0x00000000f5580000)
  object space 349696K, 99% used [0x00000000e0000000,0x00000000f55564f0,0x00000000f5580000)
 Metaspace       used 84400K, capacity 90876K, committed 94632K, reserved 1130496K
  class space    used 11261K, capacity 12743K, committed 13488K, reserved 1048576K
}
Event: 23.165 GC heap before
{Heap before GC invocations=96 (full 42):
 PSYoungGen      total 131072K, used 94634K [0x00000000f5580000, 0x0000000100000000, 0x0000000100000000)
  eden space 94720K, 99% used [0x00000000f5580000,0x00000000fb1eaa10,0x00000000fb200000)
  from space 36352K, 0% used [0x00000000fdc80000,0x00000000fdc80000,0x0000000100000000)
  to   space 39936K, 0% used [0x00000000fb200000,0x00000000fb200000,0x00000000fd900000)
 ParOldGen       total 349696K, used 349529K [0x00000000e0000000, 0x00000000f5580000, 0x00000000f5580000)
  object space 349696K, 99% used [0x00000000e0000000,0x00000000f55564f0,0x00000000f5580000)
 Metaspace       used 84400K, capacity 90876K, committed 94632K, reserved 1130496K
  class space    used 11261K, capacity 12743K, committed 13488K, reserved 1048576K
Event: 23.259 GC heap after
Heap after GC invocations=96 (full 42):
 PSYoungGen      total 131072K, used 94294K [0x00000000f5580000, 0x0000000100000000, 0x0000000100000000)
  eden space 94720K, 99% used [0x00000000f5580000,0x00000000fb195b70,0x00000000fb200000)
  from space 36352K, 0% used [0x00000000fdc80000,0x00000000fdc80000,0x0000000100000000)
  to   space 39936K, 0% used [0x00000000fb200000,0x00000000fb200000,0x00000000fd900000)
 ParOldGen       total 349696K, used 349504K [0x00000000e0000000, 0x00000000f5580000, 0x00000000f5580000)
  object space 349696K, 99% used [0x00000000e0000000,0x00000000f5550078,0x00000000f5580000)
 Metaspace       used 84400K, capacity 90876K, committed 94632K, reserved 1130496K
  class space    used 11261K, capacity 12743K, committed 13488K, reserved 1048576K
}
Event: 23.261 GC heap before
{Heap before GC invocations=97 (full 43):
 PSYoungGen      total 131072K, used 94720K [0x00000000f5580000, 0x0000000100000000, 0x0000000100000000)
  eden space 94720K, 100% used [0x00000000f5580000,0x00000000fb200000,0x00000000fb200000)
  from space 36352K, 0% used [0x00000000fdc80000,0x00000000fdc80000,0x0000000100000000)
  to   space 39936K, 0% used [0x00000000fb200000,0x00000000fb200000,0x00000000fd900000)
 ParOldGen       total 349696K, used 349694K [0x00000000e0000000, 0x00000000f5580000, 0x00000000f5580000)
  object space 349696K, 99% used [0x00000000e0000000,0x00000000f557fb70,0x00000000f5580000)
 Metaspace       used 84401K, capacity 90876K, committed 94632K, reserved 1130496K
  class space    used 11261K, capacity 12743K, committed 13488K, reserved 1048576K
Event: 23.449 GC heap after
Heap after GC invocations=97 (full 43):
 PSYoungGen      total 131072K, used 94658K [0x00000000f5580000, 0x0000000100000000, 0x0000000100000000)
  eden space 94720K, 99% used [0x00000000f5580000,0x00000000fb1f0978,0x00000000fb200000)
  from space 36352K, 0% used [0x00000000fdc80000,0x00000000fdc80000,0x0000000100000000)
  to   space 39936K, 0% used [0x00000000fb200000,0x00000000fb200000,0x00000000fd900000)
 ParOldGen       total 349696K, used 349531K [0x00000000e0000000, 0x00000000f5580000, 0x00000000f5580000)
  object space 349696K, 99% used [0x00000000e0000000,0x00000000f5556c10,0x00000000f5580000)
 Metaspace       used 84401K, capacity 90876K, committed 94632K, reserved 1130496K
  class space    used 11261K, capacity 12743K, committed 13488K, reserved 1048576K
}
Event: 23.450 GC heap before
{Heap before GC invocations=98 (full 44):
 PSYoungGen      total 131072K, used 94720K [0x00000000f5580000, 0x0000000100000000, 0x0000000100000000)
  eden space 94720K, 100% used [0x00000000f5580000,0x00000000fb200000,0x00000000fb200000)
  from space 36352K, 0% used [0x00000000fdc80000,0x00000000fdc80000,0x0000000100000000)
  to   space 39936K, 0% used [0x00000000fb200000,0x00000000fb200000,0x00000000fd900000)
 ParOldGen       total 349696K, used 349694K [0x00000000e0000000, 0x00000000f5580000, 0x00000000f5580000)
  object space 349696K, 99% used [0x00000000e0000000,0x00000000f557f808,0x00000000f5580000)
 Metaspace       used 84402K, capacity 90876K, committed 94632K, reserved 1130496K
  class space    used 11261K, capacity 12743K, committed 13488K, reserved 1048576K

