# JRE version: OpenJDK Runtime Environment (8.0_242-b01) (build 1.8.0_242-release-1644-b01)
# Java VM: OpenJDK 64-Bit Server VM (25.242-b01 mixed mode windows-amd64 compressed oops)
Heap:
 PSYoungGen      total 134656K, used 51734K [0x00000000f5580000, 0x0000000100000000, 0x0000000100000000)
  eden space 105984K, 21% used [0x00000000f5580000,0x00000000f6c09ad8,0x00000000fbd00000)
  from space 28672K, 99% used [0x00000000fe400000,0x00000000ffffc040,0x0000000100000000)
  to   space 34304K, 0% used [0x00000000fbd00000,0x00000000fbd00000,0x00000000fde80000)
 ParOldGen       total 207872K, used 72519K [0x00000000e0000000, 0x00000000ecb00000, 0x00000000f5580000)
  object space 207872K, 34% used [0x00000000e0000000,0x00000000e46d1eb0,0x00000000ecb00000)
 Metaspace       used 72129K, capacity 78974K, committed 79128K, reserved 1116160K
  class space    used 10006K, capacity 11536K, committed 11552K, reserved 1048576K
GC Heap History (10 events):
Event: 8.993 GC heap before
{Heap before GC invocations=13 (full 3):
 PSYoungGen      total 145408K, used 12785K [0x00000000f5580000, 0x0000000100000000, 0x0000000100000000)
  eden space 132608K, 0% used [0x00000000f5580000,0x00000000f5580000,0x00000000fd700000)
  from space 12800K, 99% used [0x00000000ff380000,0x00000000ffffc4a8,0x0000000100000000)
  to   space 20992K, 0% used [0x00000000fd700000,0x00000000fd700000,0x00000000feb80000)
 ParOldGen       total 175104K, used 33672K [0x00000000e0000000, 0x00000000eab00000, 0x00000000f5580000)
  object space 175104K, 19% used [0x00000000e0000000,0x00000000e20e2068,0x00000000eab00000)
 Metaspace       used 56145K, capacity 59030K, committed 59160K, reserved 1099776K
  class space    used 7686K, capacity 8375K, committed 8480K, reserved 1048576K
Event: 9.140 GC heap after
Heap after GC invocations=13 (full 3):
 PSYoungGen      total 145408K, used 0K [0x00000000f5580000, 0x0000000100000000, 0x0000000100000000)
  eden space 132608K, 0% used [0x00000000f5580000,0x00000000f5580000,0x00000000fd700000)
  from space 12800K, 0% used [0x00000000ff380000,0x00000000ff380000,0x0000000100000000)
  to   space 20992K, 0% used [0x00000000fd700000,0x00000000fd700000,0x00000000feb80000)
 ParOldGen       total 207872K, used 37827K [0x00000000e0000000, 0x00000000ecb00000, 0x00000000f5580000)
  object space 207872K, 18% used [0x00000000e0000000,0x00000000e24f0d28,0x00000000ecb00000)
 Metaspace       used 56020K, capacity 58604K, committed 59160K, reserved 1099776K
  class space    used 7647K, capacity 8304K, committed 8480K, reserved 1048576K
}
Event: 10.226 GC heap before
{Heap before GC invocations=14 (full 3):
 PSYoungGen      total 145408K, used 132608K [0x00000000f5580000, 0x0000000100000000, 0x0000000100000000)
  eden space 132608K, 100% used [0x00000000f5580000,0x00000000fd700000,0x00000000fd700000)
  from space 12800K, 0% used [0x00000000ff380000,0x00000000ff380000,0x0000000100000000)
  to   space 20992K, 0% used [0x00000000fd700000,0x00000000fd700000,0x00000000feb80000)
 ParOldGen       total 207872K, used 37827K [0x00000000e0000000, 0x00000000ecb00000, 0x00000000f5580000)
  object space 207872K, 18% used [0x00000000e0000000,0x00000000e24f0d28,0x00000000ecb00000)
 Metaspace       used 62571K, capacity 66316K, committed 66456K, reserved 1105920K
  class space    used 8622K, capacity 9622K, committed 9632K, reserved 1048576K
Event: 10.231 GC heap after
Heap after GC invocations=14 (full 3):
 PSYoungGen      total 151552K, used 18768K [0x00000000f5580000, 0x0000000100000000, 0x0000000100000000)
  eden space 132608K, 0% used [0x00000000f5580000,0x00000000f5580000,0x00000000fd700000)
  from space 18944K, 99% used [0x00000000fd700000,0x00000000fe954068,0x00000000fe980000)
  to   space 22528K, 0% used [0x00000000fea00000,0x00000000fea00000,0x0000000100000000)
 ParOldGen       total 207872K, used 37899K [0x00000000e0000000, 0x00000000ecb00000, 0x00000000f5580000)
  object space 207872K, 18% used [0x00000000e0000000,0x00000000e2502d38,0x00000000ecb00000)
 Metaspace       used 62571K, capacity 66316K, committed 66456K, reserved 1105920K
  class space    used 8622K, capacity 9622K, committed 9632K, reserved 1048576K
}
Event: 10.846 GC heap before
{Heap before GC invocations=15 (full 3):
 PSYoungGen      total 151552K, used 151376K [0x00000000f5580000, 0x0000000100000000, 0x0000000100000000)
  eden space 132608K, 100% used [0x00000000f5580000,0x00000000fd700000,0x00000000fd700000)
  from space 18944K, 99% used [0x00000000fd700000,0x00000000fe954068,0x00000000fe980000)
  to   space 22528K, 0% used [0x00000000fea00000,0x00000000fea00000,0x0000000100000000)
 ParOldGen       total 207872K, used 37899K [0x00000000e0000000, 0x00000000ecb00000, 0x00000000f5580000)
  object space 207872K, 18% used [0x00000000e0000000,0x00000000e2502d38,0x00000000ecb00000)
 Metaspace       used 66872K, capacity 71204K, committed 71320K, reserved 1110016K
  class space    used 9199K, capacity 10341K, committed 10400K, reserved 1048576K
Event: 10.855 GC heap after
Heap after GC invocations=15 (full 3):
 PSYoungGen      total 140800K, used 22512K [0x00000000f5580000, 0x0000000100000000, 0x0000000100000000)
  eden space 118272K, 0% used [0x00000000f5580000,0x00000000f5580000,0x00000000fc900000)
  from space 22528K, 99% used [0x00000000fea00000,0x00000000ffffc080,0x0000000100000000)
  to   space 28160K, 0% used [0x00000000fc900000,0x00000000fc900000,0x00000000fe480000)
 ParOldGen       total 207872K, used 45997K [0x00000000e0000000, 0x00000000ecb00000, 0x00000000f5580000)
  object space 207872K, 22% used [0x00000000e0000000,0x00000000e2ceb520,0x00000000ecb00000)
 Metaspace       used 66872K, capacity 71204K, committed 71320K, reserved 1110016K
  class space    used 9199K, capacity 10341K, committed 10400K, reserved 1048576K
}
Event: 11.388 GC heap before
{Heap before GC invocations=16 (full 3):
 PSYoungGen      total 140800K, used 140784K [0x00000000f5580000, 0x0000000100000000, 0x0000000100000000)
  eden space 118272K, 100% used [0x00000000f5580000,0x00000000fc900000,0x00000000fc900000)
  from space 22528K, 99% used [0x00000000fea00000,0x00000000ffffc080,0x0000000100000000)
  to   space 28160K, 0% used [0x00000000fc900000,0x00000000fc900000,0x00000000fe480000)
 ParOldGen       total 207872K, used 45997K [0x00000000e0000000, 0x00000000ecb00000, 0x00000000f5580000)
  object space 207872K, 22% used [0x00000000e0000000,0x00000000e2ceb520,0x00000000ecb00000)
 Metaspace       used 68864K, capacity 73404K, committed 73624K, reserved 1112064K
  class space    used 9365K, capacity 10553K, committed 10656K, reserved 1048576K
Event: 11.400 GC heap after
Heap after GC invocations=16 (full 3):
 PSYoungGen      total 137216K, used 18727K [0x00000000f5580000, 0x0000000100000000, 0x0000000100000000)
  eden space 118272K, 0% used [0x00000000f5580000,0x00000000f5580000,0x00000000fc900000)
  from space 18944K, 98% used [0x00000000fc900000,0x00000000fdb49d68,0x00000000fdb80000)
  to   space 28672K, 0% used [0x00000000fe400000,0x00000000fe400000,0x0000000100000000)
 ParOldGen       total 207872K, used 68341K [0x00000000e0000000, 0x00000000ecb00000, 0x00000000f5580000)
  object space 207872K, 32% used [0x00000000e0000000,0x00000000e42bd448,0x00000000ecb00000)
 Metaspace       used 68864K, capacity 73404K, committed 73624K, reserved 1112064K
  class space    used 9365K, capacity 10553K, committed 10656K, reserved 1048576K
}
Event: 11.724 GC heap before
{Heap before GC invocations=17 (full 3):
 PSYoungGen      total 137216K, used 136999K [0x00000000f5580000, 0x0000000100000000, 0x0000000100000000)
  eden space 118272K, 100% used [0x00000000f5580000,0x00000000fc900000,0x00000000fc900000)
  from space 18944K, 98% used [0x00000000fc900000,0x00000000fdb49d68,0x00000000fdb80000)
  to   space 28672K, 0% used [0x00000000fe400000,0x00000000fe400000,0x0000000100000000)
 ParOldGen       total 207872K, used 68341K [0x00000000e0000000, 0x00000000ecb00000, 0x00000000f5580000)
  object space 207872K, 32% used [0x00000000e0000000,0x00000000e42bd448,0x00000000ecb00000)
 Metaspace       used 72011K, capacity 78894K, committed 79128K, reserved 1116160K
  class space    used 10006K, capacity 11536K, committed 11552K, reserved 1048576K
Event: 11.733 GC heap after
Heap after GC invocations=17 (full 3):
 PSYoungGen      total 134656K, used 28656K [0x00000000f5580000, 0x0000000100000000, 0x0000000100000000)
  eden space 105984K, 0% used [0x00000000f5580000,0x00000000f5580000,0x00000000fbd00000)
  from space 28672K, 99% used [0x00000000fe400000,0x00000000ffffc040,0x0000000100000000)
  to   space 34304K, 0% used [0x00000000fbd00000,0x00000000fbd00000,0x00000000fde80000)
 ParOldGen       total 207872K, used 72519K [0x00000000e0000000, 0x00000000ecb00000, 0x00000000f5580000)
  object space 207872K, 34% used [0x00000000e0000000,0x00000000e46d1eb0,0x00000000ecb00000)
 Metaspace       used 72011K, capacity 78894K, committed 79128K, reserved 1116160K
  class space    used 10006K, capacity 11536K, committed 11552K, reserved 1048576K
}

