# JRE version: OpenJDK Runtime Environment (8.0_242-b01) (build 1.8.0_242-release-1644-b01)
# Java VM: OpenJDK 64-Bit Server VM (25.242-b01 mixed mode windows-amd64 compressed oops)
Heap:
 PSYoungGen      total 129024K, used 8573K [0x00000000f5580000, 0x00000000ffa00000, 0x0000000100000000)
  eden space 94720K, 0% used [0x00000000f5580000,0x00000000f5580000,0x00000000fb200000)
  from space 34304K, 24% used [0x00000000fd880000,0x00000000fe0df540,0x00000000ffa00000)
  to   space 36864K, 0% used [0x00000000fb200000,0x00000000fb200000,0x00000000fd600000)
 ParOldGen       total 206336K, used 187420K [0x00000000e0000000, 0x00000000ec980000, 0x00000000f5580000)
  object space 206336K, 90% used [0x00000000e0000000,0x00000000eb7072b8,0x00000000ec980000)
 Metaspace       used 87610K, capacity 97690K, committed 97704K, reserved 1132544K
  class space    used 12275K, capacity 14251K, committed 14256K, reserved 1048576K
GC Heap History (10 events):
Event: 14.971 GC heap after
Heap after GC invocations=27 (full 3):
 PSYoungGen      total 126464K, used 4160K [0x00000000f5580000, 0x00000000ffd80000, 0x0000000100000000)
  eden space 83968K, 0% used [0x00000000f5580000,0x00000000f5580000,0x00000000fa780000)
  from space 42496K, 9% used [0x00000000fd400000,0x00000000fd810010,0x00000000ffd80000)
  to   space 44032K, 0% used [0x00000000fa780000,0x00000000fa780000,0x00000000fd280000)
 ParOldGen       total 206336K, used 170747K [0x00000000e0000000, 0x00000000ec980000, 0x00000000f5580000)
  object space 206336K, 82% used [0x00000000e0000000,0x00000000ea6bed80,0x00000000ec980000)
 Metaspace       used 87264K, capacity 97316K, committed 97448K, reserved 1132544K
  class space    used 12247K, capacity 14242K, committed 14256K, reserved 1048576K
}
Event: 15.023 GC heap before
{Heap before GC invocations=28 (full 3):
 PSYoungGen      total 126464K, used 88128K [0x00000000f5580000, 0x00000000ffd80000, 0x0000000100000000)
  eden space 83968K, 100% used [0x00000000f5580000,0x00000000fa780000,0x00000000fa780000)
  from space 42496K, 9% used [0x00000000fd400000,0x00000000fd810010,0x00000000ffd80000)
  to   space 44032K, 0% used [0x00000000fa780000,0x00000000fa780000,0x00000000fd280000)
 ParOldGen       total 206336K, used 170747K [0x00000000e0000000, 0x00000000ec980000, 0x00000000f5580000)
  object space 206336K, 82% used [0x00000000e0000000,0x00000000ea6bed80,0x00000000ec980000)
 Metaspace       used 87279K, capacity 97320K, committed 97448K, reserved 1132544K
  class space    used 12249K, capacity 14244K, committed 14256K, reserved 1048576K
Event: 15.029 GC heap after
Heap after GC invocations=28 (full 3):
 PSYoungGen      total 128000K, used 3680K [0x00000000f5580000, 0x00000000fff80000, 0x0000000100000000)
  eden space 83968K, 0% used [0x00000000f5580000,0x00000000f5580000,0x00000000fa780000)
  from space 44032K, 8% used [0x00000000fa780000,0x00000000fab18010,0x00000000fd280000)
  to   space 43008K, 0% used [0x00000000fd580000,0x00000000fd580000,0x00000000fff80000)
 ParOldGen       total 206336K, used 172847K [0x00000000e0000000, 0x00000000ec980000, 0x00000000f5580000)
  object space 206336K, 83% used [0x00000000e0000000,0x00000000ea8cbf60,0x00000000ec980000)
 Metaspace       used 87279K, capacity 97320K, committed 97448K, reserved 1132544K
  class space    used 12249K, capacity 14244K, committed 14256K, reserved 1048576K
}
Event: 15.073 GC heap before
{Heap before GC invocations=29 (full 3):
 PSYoungGen      total 128000K, used 87648K [0x00000000f5580000, 0x00000000fff80000, 0x0000000100000000)
  eden space 83968K, 100% used [0x00000000f5580000,0x00000000fa780000,0x00000000fa780000)
  from space 44032K, 8% used [0x00000000fa780000,0x00000000fab18010,0x00000000fd280000)
  to   space 43008K, 0% used [0x00000000fd580000,0x00000000fd580000,0x00000000fff80000)
 ParOldGen       total 206336K, used 172847K [0x00000000e0000000, 0x00000000ec980000, 0x00000000f5580000)
  object space 206336K, 83% used [0x00000000e0000000,0x00000000ea8cbf60,0x00000000ec980000)
 Metaspace       used 87377K, capacity 97472K, committed 97704K, reserved 1132544K
  class space    used 12260K, capacity 14248K, committed 14256K, reserved 1048576K
Event: 15.079 GC heap after
Heap after GC invocations=29 (full 3):
 PSYoungGen      total 125952K, used 8492K [0x00000000f5580000, 0x00000000ffb00000, 0x0000000100000000)
  eden space 87552K, 0% used [0x00000000f5580000,0x00000000f5580000,0x00000000fab00000)
  from space 38400K, 22% used [0x00000000fd580000,0x00000000fddcb048,0x00000000ffb00000)
  to   space 40960K, 0% used [0x00000000fab00000,0x00000000fab00000,0x00000000fd300000)
 ParOldGen       total 206336K, used 174599K [0x00000000e0000000, 0x00000000ec980000, 0x00000000f5580000)
  object space 206336K, 84% used [0x00000000e0000000,0x00000000eaa81f90,0x00000000ec980000)
 Metaspace       used 87377K, capacity 97472K, committed 97704K, reserved 1132544K
  class space    used 12260K, capacity 14248K, committed 14256K, reserved 1048576K
}
Event: 15.123 GC heap before
{Heap before GC invocations=30 (full 3):
 PSYoungGen      total 125952K, used 96044K [0x00000000f5580000, 0x00000000ffb00000, 0x0000000100000000)
  eden space 87552K, 100% used [0x00000000f5580000,0x00000000fab00000,0x00000000fab00000)
  from space 38400K, 22% used [0x00000000fd580000,0x00000000fddcb048,0x00000000ffb00000)
  to   space 40960K, 0% used [0x00000000fab00000,0x00000000fab00000,0x00000000fd300000)
 ParOldGen       total 206336K, used 174611K [0x00000000e0000000, 0x00000000ec980000, 0x00000000f5580000)
  object space 206336K, 84% used [0x00000000e0000000,0x00000000eaa84e08,0x00000000ec980000)
 Metaspace       used 87536K, capacity 97604K, committed 97704K, reserved 1132544K
  class space    used 12271K, capacity 14248K, committed 14256K, reserved 1048576K
Event: 15.130 GC heap after
Heap after GC invocations=30 (full 3):
 PSYoungGen      total 128512K, used 8275K [0x00000000f5580000, 0x00000000ffe80000, 0x0000000100000000)
  eden space 87552K, 0% used [0x00000000f5580000,0x00000000f5580000,0x00000000fab00000)
  from space 40960K, 20% used [0x00000000fab00000,0x00000000fb314ce0,0x00000000fd300000)
  to   space 38912K, 0% used [0x00000000fd880000,0x00000000fd880000,0x00000000ffe80000)
 ParOldGen       total 206336K, used 180932K [0x00000000e0000000, 0x00000000ec980000, 0x00000000f5580000)
  object space 206336K, 87% used [0x00000000e0000000,0x00000000eb0b1148,0x00000000ec980000)
 Metaspace       used 87536K, capacity 97604K, committed 97704K, reserved 1132544K
  class space    used 12271K, capacity 14248K, committed 14256K, reserved 1048576K
}
Event: 15.172 GC heap before
{Heap before GC invocations=31 (full 3):
 PSYoungGen      total 128512K, used 95827K [0x00000000f5580000, 0x00000000ffe80000, 0x0000000100000000)
  eden space 87552K, 100% used [0x00000000f5580000,0x00000000fab00000,0x00000000fab00000)
  from space 40960K, 20% used [0x00000000fab00000,0x00000000fb314ce0,0x00000000fd300000)
  to   space 38912K, 0% used [0x00000000fd880000,0x00000000fd880000,0x00000000ffe80000)
 ParOldGen       total 206336K, used 180996K [0x00000000e0000000, 0x00000000ec980000, 0x00000000f5580000)
  object space 206336K, 87% used [0x00000000e0000000,0x00000000eb0c1120,0x00000000ec980000)
 Metaspace       used 87610K, capacity 97690K, committed 97704K, reserved 1132544K
  class space    used 12275K, capacity 14251K, committed 14256K, reserved 1048576K
Event: 15.179 GC heap after
Heap after GC invocations=31 (full 3):
 PSYoungGen      total 129024K, used 8573K [0x00000000f5580000, 0x00000000ffa00000, 0x0000000100000000)
  eden space 94720K, 0% used [0x00000000f5580000,0x00000000f5580000,0x00000000fb200000)
  from space 34304K, 24% used [0x00000000fd880000,0x00000000fe0df540,0x00000000ffa00000)
  to   space 36864K, 0% used [0x00000000fb200000,0x00000000fb200000,0x00000000fd600000)
 ParOldGen       total 206336K, used 187420K [0x00000000e0000000, 0x00000000ec980000, 0x00000000f5580000)
  object space 206336K, 90% used [0x00000000e0000000,0x00000000eb7072b8,0x00000000ec980000)
 Metaspace       used 87610K, capacity 97690K, committed 97704K, reserved 1132544K
  class space    used 12275K, capacity 14251K, committed 14256K, reserved 1048576K
}
Event: 15.179 GC heap before
{Heap before GC invocations=32 (full 4):
 PSYoungGen      total 129024K, used 8573K [0x00000000f5580000, 0x00000000ffa00000, 0x0000000100000000)
  eden space 94720K, 0% used [0x00000000f5580000,0x00000000f5580000,0x00000000fb200000)
  from space 34304K, 24% used [0x00000000fd880000,0x00000000fe0df540,0x00000000ffa00000)
  to   space 36864K, 0% used [0x00000000fb200000,0x00000000fb200000,0x00000000fd600000)
 ParOldGen       total 206336K, used 187420K [0x00000000e0000000, 0x00000000ec980000, 0x00000000f5580000)
  object space 206336K, 90% used [0x00000000e0000000,0x00000000eb7072b8,0x00000000ec980000)
 Metaspace       used 87610K, capacity 97690K, committed 97704K, reserved 1132544K
  class space    used 12275K, capacity 14251K, committed 14256K, reserved 1048576K

