# JRE version: OpenJDK Runtime Environment (8.0_242-b01) (build 1.8.0_242-release-1644-b01)
# Java VM: OpenJDK 64-Bit Server VM (25.242-b01 mixed mode windows-amd64 compressed oops)
Heap:
 PSYoungGen      total 1099264K, used 1038169K [0x000000076ab00000, 0x00000007b3b00000, 0x00000007c0000000)
  eden space 1010176K, 100% used [0x000000076ab00000,0x00000007a8580000,0x00000007a8580000)
  from space 89088K, 31% used [0x00000007ad980000,0x00000007af4d6478,0x00000007b3080000)
  to   space 86016K, 44% used [0x00000007a8580000,0x00000007aaa8e1e0,0x00000007ad980000)
 ParOldGen       total 723456K, used 154014K [0x00000006c0000000, 0x00000006ec280000, 0x000000076ab00000)
  object space 723456K, 21% used [0x00000006c0000000,0x00000006c96678e8,0x00000006ec280000)
 Metaspace       used 88736K, capacity 97588K, committed 97704K, reserved 1132544K
  class space    used 11923K, capacity 13719K, committed 13744K, reserved 1048576K
GC Heap History (10 events):
Event: 11.575 GC heap after
Heap after GC invocations=9 (full 3):
 PSYoungGen      total 583168K, used 30192K [0x000000076ab00000, 0x0000000794800000, 0x00000007c0000000)
  eden space 552960K, 0% used [0x000000076ab00000,0x000000076ab00000,0x000000078c700000)
  from space 30208K, 99% used [0x0000000792a80000,0x00000007947fc080,0x0000000794800000)
  to   space 43008K, 0% used [0x000000078f400000,0x000000078f400000,0x0000000791e00000)
 ParOldGen       total 723456K, used 49210K [0x00000006c0000000, 0x00000006ec280000, 0x000000076ab00000)
  object space 723456K, 6% used [0x00000006c0000000,0x00000006c300e878,0x00000006ec280000)
 Metaspace       used 71724K, capacity 76164K, committed 76456K, reserved 1114112K
  class space    used 9640K, capacity 10827K, committed 10928K, reserved 1048576K
}
Event: 13.063 GC heap before
{Heap before GC invocations=10 (full 3):
 PSYoungGen      total 583168K, used 583110K [0x000000076ab00000, 0x0000000794800000, 0x00000007c0000000)
  eden space 552960K, 99% used [0x000000076ab00000,0x000000078c6f59c8,0x000000078c700000)
  from space 30208K, 99% used [0x0000000792a80000,0x00000007947fc080,0x0000000794800000)
  to   space 43008K, 0% used [0x000000078f400000,0x000000078f400000,0x0000000791e00000)
 ParOldGen       total 723456K, used 49210K [0x00000006c0000000, 0x00000006ec280000, 0x000000076ab00000)
  object space 723456K, 6% used [0x00000006c0000000,0x00000006c300e878,0x00000006ec280000)
 Metaspace       used 76533K, capacity 83672K, committed 84008K, reserved 1122304K
  class space    used 10402K, capacity 11963K, committed 12080K, reserved 1048576K
Event: 13.088 GC heap after
Heap after GC invocations=10 (full 3):
 PSYoungGen      total 642048K, used 42992K [0x000000076ab00000, 0x00000007a1700000, 0x00000007c0000000)
  eden space 599040K, 0% used [0x000000076ab00000,0x000000076ab00000,0x000000078f400000)
  from space 43008K, 99% used [0x000000078f400000,0x0000000791dfc030,0x0000000791e00000)
  to   space 65536K, 0% used [0x000000079d700000,0x000000079d700000,0x00000007a1700000)
 ParOldGen       total 723456K, used 79234K [0x00000006c0000000, 0x00000006ec280000, 0x000000076ab00000)
  object space 723456K, 10% used [0x00000006c0000000,0x00000006c4d60900,0x00000006ec280000)
 Metaspace       used 76533K, capacity 83672K, committed 84008K, reserved 1122304K
  class space    used 10402K, capacity 11963K, committed 12080K, reserved 1048576K
}
Event: 14.460 GC heap before
{Heap before GC invocations=11 (full 3):
 PSYoungGen      total 642048K, used 642032K [0x000000076ab00000, 0x00000007a1700000, 0x00000007c0000000)
  eden space 599040K, 100% used [0x000000076ab00000,0x000000078f400000,0x000000078f400000)
  from space 43008K, 99% used [0x000000078f400000,0x0000000791dfc030,0x0000000791e00000)
  to   space 65536K, 0% used [0x000000079d700000,0x000000079d700000,0x00000007a1700000)
 ParOldGen       total 723456K, used 79234K [0x00000006c0000000, 0x00000006ec280000, 0x000000076ab00000)
  object space 723456K, 10% used [0x00000006c0000000,0x00000006c4d60900,0x00000006ec280000)
 Metaspace       used 85156K, capacity 93014K, committed 93224K, reserved 1130496K
  class space    used 11456K, capacity 13070K, committed 13104K, reserved 1048576K
Event: 14.486 GC heap after
Heap after GC invocations=11 (full 3):
 PSYoungGen      total 815616K, used 65504K [0x000000076ab00000, 0x00000007a8b00000, 0x00000007c0000000)
  eden space 750080K, 0% used [0x000000076ab00000,0x000000076ab00000,0x0000000798780000)
  from space 65536K, 99% used [0x000000079d700000,0x00000007a16f8020,0x00000007a1700000)
  to   space 81408K, 0% used [0x0000000798780000,0x0000000798780000,0x000000079d700000)
 ParOldGen       total 723456K, used 89183K [0x00000006c0000000, 0x00000006ec280000, 0x000000076ab00000)
  object space 723456K, 12% used [0x00000006c0000000,0x00000006c5717dc8,0x00000006ec280000)
 Metaspace       used 85156K, capacity 93014K, committed 93224K, reserved 1130496K
  class space    used 11456K, capacity 13070K, committed 13104K, reserved 1048576K
}
Event: 14.857 GC heap before
{Heap before GC invocations=12 (full 3):
 PSYoungGen      total 815616K, used 815584K [0x000000076ab00000, 0x00000007a8b00000, 0x00000007c0000000)
  eden space 750080K, 100% used [0x000000076ab00000,0x0000000798780000,0x0000000798780000)
  from space 65536K, 99% used [0x000000079d700000,0x00000007a16f8020,0x00000007a1700000)
  to   space 81408K, 0% used [0x0000000798780000,0x0000000798780000,0x000000079d700000)
 ParOldGen       total 723456K, used 89183K [0x00000006c0000000, 0x00000006ec280000, 0x000000076ab00000)
  object space 723456K, 12% used [0x00000006c0000000,0x00000006c5717dc8,0x00000006ec280000)
 Metaspace       used 85887K, capacity 94006K, committed 94120K, reserved 1130496K
  class space    used 11533K, capacity 13202K, committed 13232K, reserved 1048576K
Event: 14.878 GC heap after
Heap after GC invocations=12 (full 3):
 PSYoungGen      total 831488K, used 67551K [0x000000076ab00000, 0x00000007b3080000, 0x00000007c0000000)
  eden space 750080K, 0% used [0x000000076ab00000,0x000000076ab00000,0x0000000798780000)
  from space 81408K, 82% used [0x0000000798780000,0x000000079c977f58,0x000000079d700000)
  to   space 89088K, 0% used [0x00000007ad980000,0x00000007ad980000,0x00000007b3080000)
 ParOldGen       total 723456K, used 89191K [0x00000006c0000000, 0x00000006ec280000, 0x000000076ab00000)
  object space 723456K, 12% used [0x00000006c0000000,0x00000006c5719dc8,0x00000006ec280000)
 Metaspace       used 85887K, capacity 94006K, committed 94120K, reserved 1130496K
  class space    used 11533K, capacity 13202K, committed 13232K, reserved 1048576K
}
Event: 15.417 GC heap before
{Heap before GC invocations=13 (full 3):
 PSYoungGen      total 831488K, used 817631K [0x000000076ab00000, 0x00000007b3080000, 0x00000007c0000000)
  eden space 750080K, 100% used [0x000000076ab00000,0x0000000798780000,0x0000000798780000)
  from space 81408K, 82% used [0x0000000798780000,0x000000079c977f58,0x000000079d700000)
  to   space 89088K, 0% used [0x00000007ad980000,0x00000007ad980000,0x00000007b3080000)
 ParOldGen       total 723456K, used 89191K [0x00000006c0000000, 0x00000006ec280000, 0x000000076ab00000)
  object space 723456K, 12% used [0x00000006c0000000,0x00000006c5719dc8,0x00000006ec280000)
 Metaspace       used 87456K, capacity 96180K, committed 96296K, reserved 1132544K
  class space    used 11771K, capacity 13539K, committed 13616K, reserved 1048576K
Event: 15.439 GC heap after
Heap after GC invocations=13 (full 3):
 PSYoungGen      total 1099264K, used 27993K [0x000000076ab00000, 0x00000007b3b00000, 0x00000007c0000000)
  eden space 1010176K, 0% used [0x000000076ab00000,0x000000076ab00000,0x00000007a8580000)
  from space 89088K, 31% used [0x00000007ad980000,0x00000007af4d6478,0x00000007b3080000)
  to   space 86016K, 0% used [0x00000007a8580000,0x00000007a8580000,0x00000007ad980000)
 ParOldGen       total 723456K, used 131588K [0x00000006c0000000, 0x00000006ec280000, 0x000000076ab00000)
  object space 723456K, 18% used [0x00000006c0000000,0x00000006c8081058,0x00000006ec280000)
 Metaspace       used 87456K, capacity 96180K, committed 96296K, reserved 1132544K
  class space    used 11771K, capacity 13539K, committed 13616K, reserved 1048576K
}
Event: 16.809 GC heap before
{Heap before GC invocations=14 (full 3):
 PSYoungGen      total 1099264K, used 1038169K [0x000000076ab00000, 0x00000007b3b00000, 0x00000007c0000000)
  eden space 1010176K, 100% used [0x000000076ab00000,0x00000007a8580000,0x00000007a8580000)
  from space 89088K, 31% used [0x00000007ad980000,0x00000007af4d6478,0x00000007b3080000)
  to   space 86016K, 0% used [0x00000007a8580000,0x00000007a8580000,0x00000007ad980000)
 ParOldGen       total 723456K, used 131634K [0x00000006c0000000, 0x00000006ec280000, 0x000000076ab00000)
  object space 723456K, 18% used [0x00000006c0000000,0x00000006c808c8f8,0x00000006ec280000)
 Metaspace       used 88736K, capacity 97588K, committed 97704K, reserved 1132544K
  class space    used 11923K, capacity 13719K, committed 13744K, reserved 1048576K

