# JRE version: OpenJDK Runtime Environment (8.0_242-b01) (build 1.8.0_242-release-1644-b01)
# Java VM: OpenJDK 64-Bit Server VM (25.242-b01 mixed mode windows-amd64 compressed oops)
Heap:
 PSYoungGen      total 134656K, used 99328K [0x00000000f5580000, 0x0000000100000000, 0x0000000100000000)
  eden space 99328K, 100% used [0x00000000f5580000,0x00000000fb680000,0x00000000fb680000)
  from space 35328K, 0% used [0x00000000fb680000,0x00000000fb680000,0x00000000fd900000)
  to   space 36352K, 0% used [0x00000000fdc80000,0x00000000fdc80000,0x0000000100000000)
 ParOldGen       total 349696K, used 349695K [0x00000000e0000000, 0x00000000f5580000, 0x00000000f5580000)
  object space 349696K, 99% used [0x00000000e0000000,0x00000000f557fff0,0x00000000f5580000)
 Metaspace       used 106785K, capacity 116066K, committed 117784K, reserved 1150976K
  class space    used 13910K, capacity 15830K, committed 16160K, reserved 1048576K
GC Heap History (10 events):
Event: 138.191 GC heap after
Heap after GC invocations=341 (full 150):
 PSYoungGen      total 134656K, used 99214K [0x00000000f5580000, 0x0000000100000000, 0x0000000100000000)
  eden space 99328K, 99% used [0x00000000f5580000,0x00000000fb6638b0,0x00000000fb680000)
  from space 35328K, 0% used [0x00000000fb680000,0x00000000fb680000,0x00000000fd900000)
  to   space 36352K, 0% used [0x00000000fdc80000,0x00000000fdc80000,0x0000000100000000)
 ParOldGen       total 349696K, used 349623K [0x00000000e0000000, 0x00000000f5580000, 0x00000000f5580000)
  object space 349696K, 99% used [0x00000000e0000000,0x00000000f556dee8,0x00000000f5580000)
 Metaspace       used 106783K, capacity 116066K, committed 117784K, reserved 1150976K
  class space    used 13910K, capacity 15830K, committed 16160K, reserved 1048576K
}
Event: 138.192 GC heap before
{Heap before GC invocations=342 (full 151):
 PSYoungGen      total 134656K, used 99328K [0x00000000f5580000, 0x0000000100000000, 0x0000000100000000)
  eden space 99328K, 100% used [0x00000000f5580000,0x00000000fb680000,0x00000000fb680000)
  from space 35328K, 0% used [0x00000000fb680000,0x00000000fb680000,0x00000000fd900000)
  to   space 36352K, 0% used [0x00000000fdc80000,0x00000000fdc80000,0x0000000100000000)
 ParOldGen       total 349696K, used 349631K [0x00000000e0000000, 0x00000000f5580000, 0x00000000f5580000)
  object space 349696K, 99% used [0x00000000e0000000,0x00000000f556fef8,0x00000000f5580000)
 Metaspace       used 106783K, capacity 116066K, committed 117784K, reserved 1150976K
  class space    used 13910K, capacity 15830K, committed 16160K, reserved 1048576K
Event: 138.288 GC heap after
Heap after GC invocations=342 (full 151):
 PSYoungGen      total 134656K, used 99263K [0x00000000f5580000, 0x0000000100000000, 0x0000000100000000)
  eden space 99328K, 99% used [0x00000000f5580000,0x00000000fb66fc10,0x00000000fb680000)
  from space 35328K, 0% used [0x00000000fb680000,0x00000000fb680000,0x00000000fd900000)
  to   space 36352K, 0% used [0x00000000fdc80000,0x00000000fdc80000,0x0000000100000000)
 ParOldGen       total 349696K, used 349615K [0x00000000e0000000, 0x00000000f5580000, 0x00000000f5580000)
  object space 349696K, 99% used [0x00000000e0000000,0x00000000f556be18,0x00000000f5580000)
 Metaspace       used 106783K, capacity 116066K, committed 117784K, reserved 1150976K
  class space    used 13910K, capacity 15830K, committed 16160K, reserved 1048576K
}
Event: 138.289 GC heap before
{Heap before GC invocations=343 (full 152):
 PSYoungGen      total 134656K, used 99328K [0x00000000f5580000, 0x0000000100000000, 0x0000000100000000)
  eden space 99328K, 100% used [0x00000000f5580000,0x00000000fb680000,0x00000000fb680000)
  from space 35328K, 0% used [0x00000000fb680000,0x00000000fb680000,0x00000000fd900000)
  to   space 36352K, 0% used [0x00000000fdc80000,0x00000000fdc80000,0x0000000100000000)
 ParOldGen       total 349696K, used 349695K [0x00000000e0000000, 0x00000000f5580000, 0x00000000f5580000)
  object space 349696K, 99% used [0x00000000e0000000,0x00000000f557fff0,0x00000000f5580000)
 Metaspace       used 106783K, capacity 116066K, committed 117784K, reserved 1150976K
  class space    used 13910K, capacity 15830K, committed 16160K, reserved 1048576K
Event: 138.396 GC heap after
Heap after GC invocations=343 (full 152):
 PSYoungGen      total 134656K, used 99226K [0x00000000f5580000, 0x0000000100000000, 0x0000000100000000)
  eden space 99328K, 99% used [0x00000000f5580000,0x00000000fb666a40,0x00000000fb680000)
  from space 35328K, 0% used [0x00000000fb680000,0x00000000fb680000,0x00000000fd900000)
  to   space 36352K, 0% used [0x00000000fdc80000,0x00000000fdc80000,0x0000000100000000)
 ParOldGen       total 349696K, used 349677K [0x00000000e0000000, 0x00000000f5580000, 0x00000000f5580000)
  object space 349696K, 99% used [0x00000000e0000000,0x00000000f557b6e8,0x00000000f5580000)
 Metaspace       used 106783K, capacity 116066K, committed 117784K, reserved 1150976K
  class space    used 13910K, capacity 15830K, committed 16160K, reserved 1048576K
}
Event: 138.397 GC heap before
{Heap before GC invocations=344 (full 153):
 PSYoungGen      total 134656K, used 99328K [0x00000000f5580000, 0x0000000100000000, 0x0000000100000000)
  eden space 99328K, 100% used [0x00000000f5580000,0x00000000fb680000,0x00000000fb680000)
  from space 35328K, 0% used [0x00000000fb680000,0x00000000fb680000,0x00000000fd900000)
  to   space 36352K, 0% used [0x00000000fdc80000,0x00000000fdc80000,0x0000000100000000)
 ParOldGen       total 349696K, used 349696K [0x00000000e0000000, 0x00000000f5580000, 0x00000000f5580000)
  object space 349696K, 100% used [0x00000000e0000000,0x00000000f5580000,0x00000000f5580000)
 Metaspace       used 106784K, capacity 116066K, committed 117784K, reserved 1150976K
  class space    used 13910K, capacity 15830K, committed 16160K, reserved 1048576K
Event: 138.492 GC heap after
Heap after GC invocations=344 (full 153):
 PSYoungGen      total 134656K, used 99228K [0x00000000f5580000, 0x0000000100000000, 0x0000000100000000)
  eden space 99328K, 99% used [0x00000000f5580000,0x00000000fb6672e0,0x00000000fb680000)
  from space 35328K, 0% used [0x00000000fb680000,0x00000000fb680000,0x00000000fd900000)
  to   space 36352K, 0% used [0x00000000fdc80000,0x00000000fdc80000,0x0000000100000000)
 ParOldGen       total 349696K, used 349684K [0x00000000e0000000, 0x00000000f5580000, 0x00000000f5580000)
  object space 349696K, 99% used [0x00000000e0000000,0x00000000f557d1a0,0x00000000f5580000)
 Metaspace       used 106784K, capacity 116066K, committed 117784K, reserved 1150976K
  class space    used 13910K, capacity 15830K, committed 16160K, reserved 1048576K
}
Event: 138.493 GC heap before
{Heap before GC invocations=345 (full 154):
 PSYoungGen      total 134656K, used 99328K [0x00000000f5580000, 0x0000000100000000, 0x0000000100000000)
  eden space 99328K, 100% used [0x00000000f5580000,0x00000000fb680000,0x00000000fb680000)
  from space 35328K, 0% used [0x00000000fb680000,0x00000000fb680000,0x00000000fd900000)
  to   space 36352K, 0% used [0x00000000fdc80000,0x00000000fdc80000,0x0000000100000000)
 ParOldGen       total 349696K, used 349688K [0x00000000e0000000, 0x00000000f5580000, 0x00000000f5580000)
  object space 349696K, 99% used [0x00000000e0000000,0x00000000f557e0c8,0x00000000f5580000)
 Metaspace       used 106785K, capacity 116066K, committed 117784K, reserved 1150976K
  class space    used 13910K, capacity 15830K, committed 16160K, reserved 1048576K
Event: 138.588 GC heap after
Heap after GC invocations=345 (full 154):
 PSYoungGen      total 134656K, used 99264K [0x00000000f5580000, 0x0000000100000000, 0x0000000100000000)
  eden space 99328K, 99% used [0x00000000f5580000,0x00000000fb670210,0x00000000fb680000)
  from space 35328K, 0% used [0x00000000fb680000,0x00000000fb680000,0x00000000fd900000)
  to   space 36352K, 0% used [0x00000000fdc80000,0x00000000fdc80000,0x0000000100000000)
 ParOldGen       total 349696K, used 349682K [0x00000000e0000000, 0x00000000f5580000, 0x00000000f5580000)
  object space 349696K, 99% used [0x00000000e0000000,0x00000000f557c900,0x00000000f5580000)
 Metaspace       used 106785K, capacity 116066K, committed 117784K, reserved 1150976K
  class space    used 13910K, capacity 15830K, committed 16160K, reserved 1048576K
}
Event: 138.589 GC heap before
{Heap before GC invocations=346 (full 155):
 PSYoungGen      total 134656K, used 99328K [0x00000000f5580000, 0x0000000100000000, 0x0000000100000000)
  eden space 99328K, 100% used [0x00000000f5580000,0x00000000fb680000,0x00000000fb680000)
  from space 35328K, 0% used [0x00000000fb680000,0x00000000fb680000,0x00000000fd900000)
  to   space 36352K, 0% used [0x00000000fdc80000,0x00000000fdc80000,0x0000000100000000)
 ParOldGen       total 349696K, used 349695K [0x00000000e0000000, 0x00000000f5580000, 0x00000000f5580000)
  object space 349696K, 99% used [0x00000000e0000000,0x00000000f557fff0,0x00000000f5580000)
 Metaspace       used 106785K, capacity 116066K, committed 117784K, reserved 1150976K
  class space    used 13910K, capacity 15830K, committed 16160K, reserved 1048576K

